<?xml version="1.0" encoding="UTF-8"?>
<testng-results ignored="0" total="7" passed="7" failed="0" skipped="0">
  <reporter-output>
  </reporter-output>
  <suite started-at="2024-11-15T01:43:22 IST" name="Default suite" finished-at="2024-11-15T01:44:23 IST" duration-ms="60721">
    <groups>
      <group name="cucumber">
        <method signature="AbstractTestNGCucumberTests.runScenario(io.cucumber.testng.PickleWrapper,io.cucumber.testng.FeatureWrapper)[pri:0, instance:com.nagarro.TestRunner.TestRunner@397fbdb]" name="runScenario" class="io.cucumber.testng.AbstractTestNGCucumberTests"/>
      </group> <!-- cucumber -->
    </groups>
    <test started-at="2024-11-15T01:43:22 IST" name="Default test" finished-at="2024-11-15T01:44:23 IST" duration-ms="60721">
      <class name="com.nagarro.TestRunner.TestRunner">
        <test-method is-config="true" signature="setUpClass(org.testng.ITestContext)[pri:0, instance:com.nagarro.TestRunner.TestRunner@397fbdb]" started-at="2024-11-15T01:43:22 IST" name="setUpClass" finished-at="2024-11-15T01:43:23 IST" duration-ms="440" status="PASS">
          <params>
            <param index="0">
              <value>
                <![CDATA[org.testng.TestRunner@77ce88c4]]>
              </value>
            </param>
          </params>
          <reporter-output>
          </reporter-output>
        </test-method> <!-- setUpClass -->
        <test-method signature="runScenario(io.cucumber.testng.PickleWrapper,io.cucumber.testng.FeatureWrapper)[pri:0, instance:com.nagarro.TestRunner.TestRunner@397fbdb]" started-at="2024-11-15T01:43:23 IST" name="runScenario" description="Runs Cucumber Scenarios" data-provider="scenarios" finished-at="2024-11-15T01:43:40 IST" duration-ms="16999" status="PASS">
          <params>
            <param index="0">
              <value>
                <![CDATA["User clicks "Forgot Password" and sees the Password Assistance text"]]>
              </value>
            </param>
            <param index="1">
              <value>
                <![CDATA["Forgot Password"]]>
              </value>
            </param>
          </params>
          <reporter-output>
          </reporter-output>
        </test-method> <!-- runScenario -->
        <test-method signature="runScenario(io.cucumber.testng.PickleWrapper,io.cucumber.testng.FeatureWrapper)[pri:0, instance:com.nagarro.TestRunner.TestRunner@397fbdb]" started-at="2024-11-15T01:43:40 IST" name="runScenario" description="Runs Cucumber Scenarios" data-provider="scenarios" finished-at="2024-11-15T01:43:46 IST" duration-ms="5884" status="PASS">
          <params>
            <param index="0">
              <value>
                <![CDATA["User clicks "Forgot Password" and sees the Password Assistance text"]]>
              </value>
            </param>
            <param index="1">
              <value>
                <![CDATA["Forgot Password"]]>
              </value>
            </param>
          </params>
          <reporter-output>
          </reporter-output>
        </test-method> <!-- runScenario -->
        <test-method signature="runScenario(io.cucumber.testng.PickleWrapper,io.cucumber.testng.FeatureWrapper)[pri:0, instance:com.nagarro.TestRunner.TestRunner@397fbdb]" started-at="2024-11-15T01:43:46 IST" name="runScenario" description="Runs Cucumber Scenarios" data-provider="scenarios" finished-at="2024-11-15T01:44:01 IST" duration-ms="15380" status="PASS">
          <params>
            <param index="0">
              <value>
                <![CDATA["User enters an invalid email and sees an error message"]]>
              </value>
            </param>
            <param index="1">
              <value>
                <![CDATA["Forgot Password"]]>
              </value>
            </param>
          </params>
          <reporter-output>
          </reporter-output>
        </test-method> <!-- runScenario -->
        <test-method signature="runScenario(io.cucumber.testng.PickleWrapper,io.cucumber.testng.FeatureWrapper)[pri:0, instance:com.nagarro.TestRunner.TestRunner@397fbdb]" started-at="2024-11-15T01:44:01 IST" name="runScenario" description="Runs Cucumber Scenarios" data-provider="scenarios" finished-at="2024-11-15T01:44:07 IST" duration-ms="5625" status="PASS">
          <params>
            <param index="0">
              <value>
                <![CDATA["Login with valid username"]]>
              </value>
            </param>
            <param index="1">
              <value>
                <![CDATA["Amazon Login"]]>
              </value>
            </param>
          </params>
          <reporter-output>
          </reporter-output>
        </test-method> <!-- runScenario -->
        <test-method signature="runScenario(io.cucumber.testng.PickleWrapper,io.cucumber.testng.FeatureWrapper)[pri:0, instance:com.nagarro.TestRunner.TestRunner@397fbdb]" started-at="2024-11-15T01:44:07 IST" name="runScenario" description="Runs Cucumber Scenarios" data-provider="scenarios" finished-at="2024-11-15T01:44:11 IST" duration-ms="4411" status="PASS">
          <params>
            <param index="0">
              <value>
                <![CDATA["Unsuccessful login attempt"]]>
              </value>
            </param>
            <param index="1">
              <value>
                <![CDATA["Amazon Login"]]>
              </value>
            </param>
          </params>
          <reporter-output>
          </reporter-output>
        </test-method> <!-- runScenario -->
        <test-method signature="runScenario(io.cucumber.testng.PickleWrapper,io.cucumber.testng.FeatureWrapper)[pri:0, instance:com.nagarro.TestRunner.TestRunner@397fbdb]" started-at="2024-11-15T01:44:11 IST" name="runScenario" description="Runs Cucumber Scenarios" data-provider="scenarios" finished-at="2024-11-15T01:44:17 IST" duration-ms="5989" status="PASS">
          <params>
            <param index="0">
              <value>
                <![CDATA["Search for electronics"]]>
              </value>
            </param>
            <param index="1">
              <value>
                <![CDATA["Search functionality on Amazon"]]>
              </value>
            </param>
          </params>
          <reporter-output>
          </reporter-output>
        </test-method> <!-- runScenario -->
        <test-method signature="runScenario(io.cucumber.testng.PickleWrapper,io.cucumber.testng.FeatureWrapper)[pri:0, instance:com.nagarro.TestRunner.TestRunner@397fbdb]" started-at="2024-11-15T01:44:17 IST" name="runScenario" description="Runs Cucumber Scenarios" data-provider="scenarios" finished-at="2024-11-15T01:44:23 IST" duration-ms="5951" status="PASS">
          <params>
            <param index="0">
              <value>
                <![CDATA["Search for books"]]>
              </value>
            </param>
            <param index="1">
              <value>
                <![CDATA["Search functionality on Amazon"]]>
              </value>
            </param>
          </params>
          <reporter-output>
          </reporter-output>
        </test-method> <!-- runScenario -->
        <test-method is-config="true" signature="tearDownClass()[pri:0, instance:com.nagarro.TestRunner.TestRunner@397fbdb]" started-at="2024-11-15T01:44:23 IST" name="tearDownClass" finished-at="2024-11-15T01:44:23 IST" duration-ms="15" status="PASS">
          <reporter-output>
          </reporter-output>
        </test-method> <!-- tearDownClass -->
      </class> <!-- com.nagarro.TestRunner.TestRunner -->
    </test> <!-- Default test -->
  </suite> <!-- Default suite -->
</testng-results>
